<?xml version="1.0" encoding="UTF-8"?>
<testng-results ignored="0" total="2" passed="2" failed="0" skipped="0">
  <reporter-output>
  </reporter-output>
  <suite started-at="2025-05-01T14:34:06 IST" name="Suite" finished-at="2025-05-01T14:34:24 IST" duration-ms="18760">
    <groups>
    </groups>
    <test started-at="2025-05-01T14:34:06 IST" name="Test" finished-at="2025-05-01T14:34:24 IST" duration-ms="18760">
      <class name="eCommerce.TestCases.TC3_AddToCartAndCheckout">
        <test-method is-config="true" signature="envirounment()[pri:0, instance:eCommerce.TestCases.TC3_AddToCartAndCheckout@610f7aa]" started-at="2025-05-01T14:34:06 IST" name="envirounment" finished-at="2025-05-01T14:34:15 IST" duration-ms="9713" status="PASS">
          <reporter-output>
          </reporter-output>
        </test-method> <!-- envirounment -->
        <test-method is-config="true" signature="setup()[pri:0, instance:eCommerce.TestCases.TC3_AddToCartAndCheckout@610f7aa]" started-at="2025-05-01T14:34:15 IST" name="setup" finished-at="2025-05-01T14:34:15 IST" duration-ms="1" status="PASS">
          <reporter-output>
          </reporter-output>
        </test-method> <!-- setup -->
        <test-method is-config="true" signature="setup1()[pri:0, instance:eCommerce.TestCases.TC3_AddToCartAndCheckout@610f7aa]" started-at="2025-05-01T14:34:15 IST" name="setup1" finished-at="2025-05-01T14:34:15 IST" duration-ms="0" status="PASS">
          <reporter-output>
          </reporter-output>
        </test-method> <!-- setup1 -->
        <test-method signature="orderWomenDress()[pri:0, instance:eCommerce.TestCases.TC3_AddToCartAndCheckout@610f7aa]" started-at="2025-05-01T14:34:15 IST" name="orderWomenDress" finished-at="2025-05-01T14:34:20 IST" duration-ms="4274" status="PASS">
          <reporter-output>
          </reporter-output>
        </test-method> <!-- orderWomenDress -->
        <test-method signature="CheckOut()[pri:1, instance:eCommerce.TestCases.TC3_AddToCartAndCheckout@610f7aa]" started-at="2025-05-01T14:34:20 IST" name="CheckOut" finished-at="2025-05-01T14:34:24 IST" duration-ms="4714" status="PASS">
          <reporter-output>
          </reporter-output>
        </test-method> <!-- CheckOut -->
      </class> <!-- eCommerce.TestCases.TC3_AddToCartAndCheckout -->
    </test> <!-- Test -->
  </suite> <!-- Suite -->
</testng-results>
